Without usage at all


Fri May 21 01:20:12 2021       
+-----------------------------------------------------------------------------+
| NVIDIA-SMI 450.119.03   Driver Version: 450.119.03   CUDA Version: 11.0     |
|-------------------------------+----------------------+----------------------+
| GPU  Name        Persistence-M| Bus-Id        Disp.A | Volatile Uncorr. ECC |
| Fan  Temp  Perf  Pwr:Usage/Cap|         Memory-Usage | GPU-Util  Compute M. |
|                               |                      |               MIG M. |
|===============================+======================+======================|
|   0  GeForce RTX 2060    Off  | 00000000:01:00.0  On |                  N/A |
| N/A   59C    P8    11W /  N/A |    857MiB /  5934MiB |     21%      Default |
|                               |                      |                  N/A |
+-------------------------------+----------------------+----------------------+
                                                                               
+-----------------------------------------------------------------------------+
| Processes:                                                                  |
|  GPU   GI   CI        PID   Type   Process name                  GPU Memory |
|        ID   ID                                                   Usage      |
|=============================================================================|
|    0   N/A  N/A       970      G   /usr/lib/xorg/Xorg                399MiB |
|    0   N/A  N/A      1308      G   /usr/bin/gnome-shell              187MiB |
|    0   N/A  N/A     63286      G   ...AAAAAAAAA= --shared-files      215MiB |
|    0   N/A  N/A     63339      G   ...AAAAAAAAA= --shared-files       52MiB |
+-----------------------------------------------------------------------------+


Intensive usage


Fri May 21 01:21:27 2021       
+-----------------------------------------------------------------------------+
| NVIDIA-SMI 450.119.03   Driver Version: 450.119.03   CUDA Version: 11.0     |
|-------------------------------+----------------------+----------------------+
| GPU  Name        Persistence-M| Bus-Id        Disp.A | Volatile Uncorr. ECC |
| Fan  Temp  Perf  Pwr:Usage/Cap|         Memory-Usage | GPU-Util  Compute M. |
|                               |                      |               MIG M. |
|===============================+======================+======================|
|   0  GeForce RTX 2060    Off  | 00000000:01:00.0  On |                  N/A |
| N/A   72C    P0    71W /  N/A |    876MiB /  5934MiB |    100%      Default |
|                               |                      |                  N/A |
+-------------------------------+----------------------+----------------------+
                                                                               
+-----------------------------------------------------------------------------+
| Processes:                                                                  |
|  GPU   GI   CI        PID   Type   Process name                  GPU Memory |
|        ID   ID                                                   Usage      |
|=============================================================================|
|    0   N/A  N/A       970      G   /usr/lib/xorg/Xorg                412MiB |
|    0   N/A  N/A      1308      G   /usr/bin/gnome-shell              187MiB |
|    0   N/A  N/A     63286      G   ...AAAAAAAAA= --shared-files      215MiB |
|    0   N/A  N/A     63339      G   ...AAAAAAAAA= --shared-files       52MiB |
|    0   N/A  N/A     74942      G   glmark2                             5MiB |
+-----------------------------------------------------------------------------+


With bipedal_harcore_solved.py


Fri May 21 03:01:33 2021       
+-----------------------------------------------------------------------------+
| NVIDIA-SMI 450.119.03   Driver Version: 450.119.03   CUDA Version: 11.0     |
|-------------------------------+----------------------+----------------------+
| GPU  Name        Persistence-M| Bus-Id        Disp.A | Volatile Uncorr. ECC |
| Fan  Temp  Perf  Pwr:Usage/Cap|         Memory-Usage | GPU-Util  Compute M. |
|                               |                      |               MIG M. |
|===============================+======================+======================|
|   0  GeForce RTX 2060    Off  | 00000000:01:00.0  On |                  N/A |
| N/A   56C    P3    23W /  N/A |   1885MiB /  5934MiB |     34%      Default |
|                               |                      |                  N/A |
+-------------------------------+----------------------+----------------------+
                                                                               
+-----------------------------------------------------------------------------+
| Processes:                                                                  |
|  GPU   GI   CI        PID   Type   Process name                  GPU Memory |
|        ID   ID                                                   Usage      |
|=============================================================================|
|    0   N/A  N/A       970      G   /usr/lib/xorg/Xorg                401MiB |
|    0   N/A  N/A      1308      G   /usr/bin/gnome-shell              187MiB |
|    0   N/A  N/A     63286      G   ...AAAAAAAAA= --shared-files      170MiB |
|    0   N/A  N/A     63339      G   ...AAAAAAAAA= --shared-files       64MiB |
|    0   N/A  N/A     79496      C   python3                          1055MiB |


Fri May 21 03:02:46 2021       
+-----------------------------------------------------------------------------+
| NVIDIA-SMI 450.119.03   Driver Version: 450.119.03   CUDA Version: 11.0     |
|-------------------------------+----------------------+----------------------+
| GPU  Name        Persistence-M| Bus-Id        Disp.A | Volatile Uncorr. ECC |
| Fan  Temp  Perf  Pwr:Usage/Cap|         Memory-Usage | GPU-Util  Compute M. |
|                               |                      |               MIG M. |
|===============================+======================+======================|
|   0  GeForce RTX 2060    Off  | 00000000:01:00.0  On |                  N/A |
| N/A   60C    P3    28W /  N/A |   1917MiB /  5934MiB |     37%      Default |
|                               |                      |                  N/A |
+-------------------------------+----------------------+----------------------+
                                                                               
+-----------------------------------------------------------------------------+
| Processes:                                                                  |
|  GPU   GI   CI        PID   Type   Process name                  GPU Memory |
|        ID   ID                                                   Usage      |
|=============================================================================|
|    0   N/A  N/A       970      G   /usr/lib/xorg/Xorg                415MiB |
|    0   N/A  N/A      1308      G   /usr/bin/gnome-shell              206MiB |
|    0   N/A  N/A     63286      G   ...AAAAAAAAA= --shared-files      170MiB |
|    0   N/A  N/A     63339      G   ...AAAAAAAAA= --shared-files       64MiB |
|    0   N/A  N/A     79496      C   python3                          1055MiB |
+-----------------------------------------------------------------------------+

